This file contains any messages produced by compilers while
running configure, to aid debugging if configure makes a mistake.

It was created by omegago configure 0.1, which was
generated by GNU Autoconf 2.69.  Invocation command line was

  $ ./configure 

## --------- ##
## Platform. ##
## --------- ##

hostname = f45c89a50c8f.ant.amazon.com
uname -m = x86_64
uname -r = 15.6.0
uname -s = Darwin
uname -v = Darwin Kernel Version 15.6.0: Tue Jan  9 20:12:05 PST 2018; root:xnu-3248.73.5~1/RELEASE_X86_64

/usr/bin/uname -p = i386
/bin/uname -X     = unknown

/bin/arch              = unknown
/usr/bin/arch -k       = unknown
/usr/convex/getsysinfo = unknown
/usr/bin/hostinfo      = Mach kernel version:
	 Darwin Kernel Version 15.6.0: Tue Jan  9 20:12:05 PST 2018; root:xnu-3248.73.5~1/RELEASE_X86_64
Kernel configured for up to 8 processors.
4 processors are physically available.
8 processors are logically available.
Processor type: x86_64h (Intel x86-64h Haswell)
Processors active: 0 1 2 3 4 5 6 7
Primary memory available: 16.00 gigabytes
Default processor set: 409 tasks, 2979 threads, 8 processors
Load average: 2.50, Mach factor: 5.49
/bin/machine           = unknown
/usr/bin/oslevel       = unknown
/bin/universe          = unknown

PATH: /usr/local/sbin
PATH: /usr/local/bin
PATH: /usr/bin
PATH: /bin
PATH: /usr/sbin
PATH: /sbin
PATH: /opt/X11/bin
PATH: /Users/mingxuan/Desktop/workspace/aws/tools
PATH: /Users/mingxuan/Desktop/workspace/spark_install/spark-1.6.0/bin
PATH: /Users/mingxuan/Desktop/dinstalled/apache-maven-3.3.9/bin
PATH: /usr/local/bin


## ----------- ##
## Core tests. ##
## ----------- ##

configure:1996: checking for a BSD-compatible install
configure:2064: result: /usr/bin/install -c
configure:2075: checking whether build environment is sane
configure:2130: result: yes
configure:2281: checking for a thread-safe mkdir -p
configure:2320: result: ./install-sh -c -d
configure:2327: checking for gawk
configure:2357: result: no
configure:2327: checking for mawk
configure:2357: result: no
configure:2327: checking for nawk
configure:2357: result: no
configure:2327: checking for awk
configure:2343: found /usr/bin/awk
configure:2354: result: awk
configure:2365: checking whether make sets $(MAKE)
configure:2387: result: yes
configure:2416: checking whether make supports nested variables
configure:2433: result: yes
configure:2623: checking for g++
configure:2639: found /usr/bin/g++
configure:2650: result: g++
configure:2677: checking for C++ compiler version
configure:2686: g++ --version >&5
Apple LLVM version 8.0.0 (clang-800.0.42.1)
Target: x86_64-apple-darwin15.6.0
Thread model: posix
InstalledDir: /Applications/Xcode.app/Contents/Developer/Toolchains/XcodeDefault.xctoolchain/usr/bin
Configured with: --prefix=/Applications/Xcode.app/Contents/Developer/usr --with-gxx-include-dir=/usr/include/c++/4.2.1
configure:2697: $? = 0
configure:2686: g++ -v >&5
Configured with: --prefix=/Applications/Xcode.app/Contents/Developer/usr --with-gxx-include-dir=/usr/include/c++/4.2.1
Apple LLVM version 8.0.0 (clang-800.0.42.1)
Target: x86_64-apple-darwin15.6.0
Thread model: posix
InstalledDir: /Applications/Xcode.app/Contents/Developer/Toolchains/XcodeDefault.xctoolchain/usr/bin
configure:2697: $? = 0
configure:2686: g++ -V >&5
clang: error: argument to '-V' is missing (expected 1 value)
clang: error: no input files
configure:2697: $? = 1
configure:2686: g++ -qversion >&5
clang: error: unknown argument: '-qversion'
clang: error: no input files
configure:2697: $? = 1
configure:2717: checking whether the C++ compiler works
configure:2739: g++    conftest.cpp  >&5
configure:2743: $? = 0
configure:2791: result: yes
configure:2794: checking for C++ compiler default output file name
configure:2796: result: a.out
configure:2802: checking for suffix of executables
configure:2809: g++ -o conftest    conftest.cpp  >&5
configure:2813: $? = 0
configure:2835: result: 
configure:2857: checking whether we are cross compiling
configure:2865: g++ -o conftest    conftest.cpp  >&5
configure:2869: $? = 0
configure:2876: ./conftest
configure:2880: $? = 0
configure:2895: result: no
configure:2900: checking for suffix of object files
configure:2922: g++ -c   conftest.cpp >&5
configure:2926: $? = 0
configure:2947: result: o
configure:2951: checking whether we are using the GNU C++ compiler
configure:2970: g++ -c   conftest.cpp >&5
configure:2970: $? = 0
configure:2979: result: yes
configure:2988: checking whether g++ accepts -g
configure:3008: g++ -c -g  conftest.cpp >&5
configure:3008: $? = 0
configure:3049: result: yes
configure:3083: checking for style of include used by make
configure:3111: result: GNU
configure:3137: checking dependency style of g++
configure:3248: result: gcc3
configure:3307: checking for ranlib
configure:3323: found /usr/bin/ranlib
configure:3334: result: ranlib
configure:3360: checking build system type
configure:3374: result: x86_64-apple-darwin15.6.0
configure:3394: checking host system type
configure:3407: result: x86_64-apple-darwin15.6.0
configure:3476: checking for boostlib >= 1.50.0
configure:3559: g++ -c -g -O2  -I/usr/local/include conftest.cpp >&5
configure:3559: $? = 0
configure:3561: result: yes
configure:3764: checking for gcc
configure:3780: found /usr/bin/gcc
configure:3791: result: gcc
configure:4020: checking for C compiler version
configure:4029: gcc --version >&5
Apple LLVM version 8.0.0 (clang-800.0.42.1)
Target: x86_64-apple-darwin15.6.0
Thread model: posix
InstalledDir: /Applications/Xcode.app/Contents/Developer/Toolchains/XcodeDefault.xctoolchain/usr/bin
Configured with: --prefix=/Applications/Xcode.app/Contents/Developer/usr --with-gxx-include-dir=/usr/include/c++/4.2.1
configure:4040: $? = 0
configure:4029: gcc -v >&5
Configured with: --prefix=/Applications/Xcode.app/Contents/Developer/usr --with-gxx-include-dir=/usr/include/c++/4.2.1
Apple LLVM version 8.0.0 (clang-800.0.42.1)
Target: x86_64-apple-darwin15.6.0
Thread model: posix
InstalledDir: /Applications/Xcode.app/Contents/Developer/Toolchains/XcodeDefault.xctoolchain/usr/bin
configure:4040: $? = 0
configure:4029: gcc -V >&5
clang: error: argument to '-V' is missing (expected 1 value)
clang: error: no input files
configure:4040: $? = 1
configure:4029: gcc -qversion >&5
clang: error: unknown argument: '-qversion'
clang: error: no input files
configure:4040: $? = 1
configure:4044: checking whether we are using the GNU C compiler
configure:4063: gcc -c   conftest.c >&5
configure:4063: $? = 0
configure:4072: result: yes
configure:4081: checking whether gcc accepts -g
configure:4101: gcc -c -g  conftest.c >&5
configure:4101: $? = 0
configure:4142: result: yes
configure:4159: checking for gcc option to accept ISO C89
configure:4222: gcc  -c -g -O2  conftest.c >&5
configure:4222: $? = 0
configure:4235: result: none needed
configure:4260: checking whether gcc understands -c and -o together
configure:4282: gcc -c conftest.c -o conftest2.o
configure:4285: $? = 0
configure:4282: gcc -c conftest.c -o conftest2.o
configure:4285: $? = 0
configure:4297: result: yes
configure:4316: checking dependency style of gcc
configure:4427: result: gcc3
configure:4475: checking whether the Boost::Thread library is available
configure:4507: g++ -c -pthread -g -O2  -I/usr/local/include conftest.cpp >&5
configure:4507: $? = 0
configure:4522: result: yes
configure:4551: checking for exit in -lboost_thread-mt
configure:4576: gcc -o conftest -g -O2  -I/usr/local/include  -L/usr/local/lib conftest.c -lboost_thread-mt   >&5
conftest.c:20:6: warning: incompatible redeclaration of library function 'exit' [-Wincompatible-library-redeclaration]
char exit ();
     ^
conftest.c:20:6: note: 'exit' is a builtin with type 'void (int) __attribute__((noreturn))'
1 warning generated.
configure:4576: $? = 0
configure:4586: result: yes
configure:4746: checking whether the Boost::System library is available
configure:4771: g++ -c   -pthread -I/usr/local/include conftest.cpp >&5
configure:4771: $? = 0
configure:4786: result: yes
configure:4801: checking for exit in -lboost_system
configure:4826: gcc -o conftest -g -O2  -pthread -I/usr/local/include  -L/usr/local/lib conftest.c -lboost_system   >&5
conftest.c:21:6: warning: incompatible redeclaration of library function 'exit' [-Wincompatible-library-redeclaration]
char exit ();
     ^
conftest.c:21:6: note: 'exit' is a builtin with type 'void (int) __attribute__((noreturn))'
1 warning generated.
configure:4826: $? = 0
configure:4836: result: yes
configure:4987: checking whether the Boost::Date_Time library is available
configure:5011: g++ -c -g -O2  -pthread -I/usr/local/include conftest.cpp >&5
configure:5011: $? = 0
configure:5025: result: yes
configure:5036: checking for exit in -lboost_date_time-mt
configure:5061: gcc -o conftest -g -O2  -pthread -I/usr/local/include  -L/usr/local/lib conftest.c -lboost_date_time-mt   >&5
conftest.c:22:6: warning: incompatible redeclaration of library function 'exit' [-Wincompatible-library-redeclaration]
char exit ();
     ^
conftest.c:22:6: note: 'exit' is a builtin with type 'void (int) __attribute__((noreturn))'
1 warning generated.
configure:5061: $? = 0
configure:5071: result: yes
configure:5220: checking whether the Boost::Filesystem library is available
configure:5244: g++ -c -g -O2  -pthread -I/usr/local/include conftest.cpp >&5
configure:5244: $? = 0
configure:5258: result: yes
configure:5269: checking for exit in -lboost_filesystem
configure:5294: gcc -o conftest -g -O2  -pthread -I/usr/local/include  -L/usr/local/lib conftest.c -lboost_filesystem   -lboost_system >&5
conftest.c:23:6: warning: incompatible redeclaration of library function 'exit' [-Wincompatible-library-redeclaration]
char exit ();
     ^
conftest.c:23:6: note: 'exit' is a builtin with type 'void (int) __attribute__((noreturn))'
1 warning generated.
configure:5294: $? = 0
configure:5304: result: yes
configure:5454: checking whether the Boost::Program_Options library is available
configure:5478: g++ -c -g -O2  -pthread -I/usr/local/include conftest.cpp >&5
configure:5478: $? = 0
configure:5492: result: yes
configure:5503: checking for exit in -lboost_program_options-mt
configure:5528: gcc -o conftest -g -O2  -pthread -I/usr/local/include  -L/usr/local/lib conftest.c -lboost_program_options-mt   >&5
conftest.c:24:6: warning: incompatible redeclaration of library function 'exit' [-Wincompatible-library-redeclaration]
char exit ();
     ^
conftest.c:24:6: note: 'exit' is a builtin with type 'void (int) __attribute__((noreturn))'
1 warning generated.
configure:5528: $? = 0
configure:5538: result: yes
configure:5680: checking whether the Boost::Unit_Test_Framework library is available
configure:5703: g++ -c -g -O2  -pthread -I/usr/local/include conftest.cpp >&5
configure:5703: $? = 0
configure:5717: result: yes
configure:5947: checking that generated files are newer than configure
configure:5953: result: done
configure:5980: creating ./config.status

## ---------------------- ##
## Running config.status. ##
## ---------------------- ##

This file was extended by omegago config.status 0.1, which was
generated by GNU Autoconf 2.69.  Invocation command line was

  CONFIG_FILES    = 
  CONFIG_HEADERS  = 
  CONFIG_LINKS    = 
  CONFIG_COMMANDS = 
  $ ./config.status 

on f45c89a50c8f.ant.amazon.com

config.status:870: creating Makefile
config.status:870: creating omegagomain/Makefile
config.status:870: creating config.h
config.status:1099: executing depfiles commands

## ---------------- ##
## Cache variables. ##
## ---------------- ##

ac_cv_build=x86_64-apple-darwin15.6.0
ac_cv_c_compiler_gnu=yes
ac_cv_cxx_compiler_gnu=yes
ac_cv_env_CCC_set=
ac_cv_env_CCC_value=
ac_cv_env_CC_set=
ac_cv_env_CC_value=
ac_cv_env_CFLAGS_set=
ac_cv_env_CFLAGS_value=
ac_cv_env_CPPFLAGS_set=
ac_cv_env_CPPFLAGS_value=
ac_cv_env_CXXFLAGS_set=
ac_cv_env_CXXFLAGS_value=
ac_cv_env_CXX_set=
ac_cv_env_CXX_value=
ac_cv_env_LDFLAGS_set=
ac_cv_env_LDFLAGS_value=
ac_cv_env_LIBS_set=
ac_cv_env_LIBS_value=
ac_cv_env_build_alias_set=
ac_cv_env_build_alias_value=
ac_cv_env_host_alias_set=
ac_cv_env_host_alias_value=
ac_cv_env_target_alias_set=
ac_cv_env_target_alias_value=
ac_cv_host=x86_64-apple-darwin15.6.0
ac_cv_lib_boost_date_time_mt___exit=yes
ac_cv_lib_boost_filesystem___exit=yes
ac_cv_lib_boost_program_options_mt___exit=yes
ac_cv_lib_boost_system___exit=yes
ac_cv_lib_boost_thread_mt___exit=yes
ac_cv_objext=o
ac_cv_path_install='/usr/bin/install -c'
ac_cv_prog_AWK=awk
ac_cv_prog_ac_ct_CC=gcc
ac_cv_prog_ac_ct_CXX=g++
ac_cv_prog_ac_ct_RANLIB=ranlib
ac_cv_prog_cc_c89=
ac_cv_prog_cc_g=yes
ac_cv_prog_cxx_g=yes
ac_cv_prog_make_make_set=yes
am_cv_CC_dependencies_compiler_type=gcc3
am_cv_CXX_dependencies_compiler_type=gcc3
am_cv_make_support_nested_variables=yes
am_cv_prog_cc_c_o=yes
ax_cv_boost_date_time=yes
ax_cv_boost_filesystem=yes
ax_cv_boost_program_options=yes
ax_cv_boost_system=yes
ax_cv_boost_thread=yes
ax_cv_boost_unit_test_framework=yes

## ----------------- ##
## Output variables. ##
## ----------------- ##

ACLOCAL='${SHELL} /Users/mingxuan/Desktop/workspace/go_game/OmegaGo/missing aclocal-1.15'
AMDEPBACKSLASH='\'
AMDEP_FALSE='#'
AMDEP_TRUE=''
AMTAR='$${TAR-tar}'
AM_BACKSLASH='\'
AM_DEFAULT_V='$(AM_DEFAULT_VERBOSITY)'
AM_DEFAULT_VERBOSITY='1'
AM_V='$(V)'
AUTOCONF='${SHELL} /Users/mingxuan/Desktop/workspace/go_game/OmegaGo/missing autoconf'
AUTOHEADER='${SHELL} /Users/mingxuan/Desktop/workspace/go_game/OmegaGo/missing autoheader'
AUTOMAKE='${SHELL} /Users/mingxuan/Desktop/workspace/go_game/OmegaGo/missing automake-1.15'
AWK='awk'
BOOST_CPPFLAGS='-pthread -I/usr/local/include'
BOOST_DATE_TIME_LIB='-lboost_date_time-mt'
BOOST_FILESYSTEM_LIB='-lboost_filesystem'
BOOST_LDFLAGS='-L/usr/local/lib'
BOOST_PROGRAM_OPTIONS_LIB='-lboost_program_options-mt'
BOOST_SYSTEM_LIB='-lboost_system'
BOOST_THREAD_LIB='-lboost_thread-mt'
BOOST_UNIT_TEST_FRAMEWORK_LIB='-lboost_unit_test_framework-mt'
CC='gcc'
CCDEPMODE='depmode=gcc3'
CFLAGS='-g -O2'
CPPFLAGS=''
CXX='g++'
CXXDEPMODE='depmode=gcc3'
CXXFLAGS='-g -O2'
CYGPATH_W='echo'
DEFS='-DHAVE_CONFIG_H'
DEPDIR='.deps'
ECHO_C='\c'
ECHO_N=''
ECHO_T=''
EXEEXT=''
INSTALL_DATA='${INSTALL} -m 644'
INSTALL_PROGRAM='${INSTALL}'
INSTALL_SCRIPT='${INSTALL}'
INSTALL_STRIP_PROGRAM='$(install_sh) -c -s'
LDFLAGS=''
LIBOBJS=''
LIBS=''
LTLIBOBJS=''
MAKEINFO='${SHELL} /Users/mingxuan/Desktop/workspace/go_game/OmegaGo/missing makeinfo'
MKDIR_P='./install-sh -c -d'
OBJEXT='o'
PACKAGE='omegago'
PACKAGE_BUGREPORT='dengmingxuan@hotmail.com'
PACKAGE_NAME='omegago'
PACKAGE_STRING='omegago 0.1'
PACKAGE_TARNAME='omegago'
PACKAGE_URL=''
PACKAGE_VERSION='0.1'
PATH_SEPARATOR=':'
RANLIB='ranlib'
SET_MAKE=''
SHELL='/bin/sh'
STRIP=''
VERSION='0.1'
ac_ct_CC='gcc'
ac_ct_CXX='g++'
am__EXEEXT_FALSE=''
am__EXEEXT_TRUE='#'
am__fastdepCC_FALSE='#'
am__fastdepCC_TRUE=''
am__fastdepCXX_FALSE='#'
am__fastdepCXX_TRUE=''
am__include='include'
am__isrc=''
am__leading_dot='.'
am__nodep='_no'
am__quote=''
am__tar='$${TAR-tar} chof - "$$tardir"'
am__untar='$${TAR-tar} xf -'
bindir='${exec_prefix}/bin'
build='x86_64-apple-darwin15.6.0'
build_alias=''
build_cpu='x86_64'
build_os='darwin15.6.0'
build_vendor='apple'
datadir='${datarootdir}'
datarootdir='${prefix}/share'
docdir='${datarootdir}/doc/${PACKAGE_TARNAME}'
dvidir='${docdir}'
exec_prefix='${prefix}'
host='x86_64-apple-darwin15.6.0'
host_alias=''
host_cpu='x86_64'
host_os='darwin15.6.0'
host_vendor='apple'
htmldir='${docdir}'
includedir='${prefix}/include'
infodir='${datarootdir}/info'
install_sh='${SHELL} /Users/mingxuan/Desktop/workspace/go_game/OmegaGo/install-sh'
libdir='${exec_prefix}/lib'
libexecdir='${exec_prefix}/libexec'
localedir='${datarootdir}/locale'
localstatedir='${prefix}/var'
mandir='${datarootdir}/man'
mkdir_p='$(MKDIR_P)'
oldincludedir='/usr/include'
pdfdir='${docdir}'
prefix='/usr/local'
program_transform_name='s,x,x,'
psdir='${docdir}'
sbindir='${exec_prefix}/sbin'
sharedstatedir='${prefix}/com'
sysconfdir='${prefix}/etc'
target_alias=''

## ----------- ##
## confdefs.h. ##
## ----------- ##

/* confdefs.h */
#define PACKAGE_NAME "omegago"
#define PACKAGE_TARNAME "omegago"
#define PACKAGE_VERSION "0.1"
#define PACKAGE_STRING "omegago 0.1"
#define PACKAGE_BUGREPORT "dengmingxuan@hotmail.com"
#define PACKAGE_URL ""
#define PACKAGE "omegago"
#define VERSION "0.1"
#define HAVE_BOOST /**/
#define HAVE_BOOST_THREAD /**/
#define HAVE_BOOST_SYSTEM /**/
#define HAVE_BOOST_DATE_TIME /**/
#define HAVE_BOOST_FILESYSTEM /**/
#define HAVE_BOOST_PROGRAM_OPTIONS /**/
#define HAVE_BOOST_UNIT_TEST_FRAMEWORK /**/

configure: exit 0
